<?xml version="1.0" encoding="UTF-8"?>
<testng-results skipped="0" failed="0" ignored="0" total="1" passed="1">
  <reporter-output>
  </reporter-output>
  <suite name="Default suite" duration-ms="81021" started-at="2020-12-08T16:00:34 IST" finished-at="2020-12-08T16:01:55 IST">
    <groups>
    </groups>
    <test name="Default test" duration-ms="81021" started-at="2020-12-08T16:00:34 IST" finished-at="2020-12-08T16:01:55 IST">
      <class name="com.Pratian.Petzey.Automation.TestClasses.TestSignIn">
        <test-method status="PASS" signature="setUp()[pri:0, instance:com.Pratian.Petzey.Automation.TestClasses.TestSignIn@614ddd49]" name="setUp" is-config="true" duration-ms="4489" started-at="2020-12-08T16:00:34 IST" finished-at="2020-12-08T16:00:39 IST">
          <reporter-output>
          </reporter-output>
        </test-method> <!-- setUp -->
        <test-method status="PASS" signature="signInWithValidCredentials(java.lang.String, java.lang.String)[pri:0, instance:com.Pratian.Petzey.Automation.TestClasses.TestSignIn@614ddd49]" name="signInWithValidCredentials" duration-ms="76417" started-at="2020-12-08T16:00:39 IST" data-provider="signIn" finished-at="2020-12-08T16:01:55 IST">
          <params>
            <param index="0">
              <value>
                <![CDATA[netravati@pratian.com]]>
              </value>
            </param>
            <param index="1">
              <value>
                <![CDATA[password@123]]>
              </value>
            </param>
          </params>
          <reporter-output>
          </reporter-output>
        </test-method> <!-- signInWithValidCredentials -->
        <test-method status="PASS" signature="tearDown()[pri:0, instance:com.Pratian.Petzey.Automation.TestClasses.TestSignIn@614ddd49]" name="tearDown" is-config="true" duration-ms="74" started-at="2020-12-08T16:01:55 IST" finished-at="2020-12-08T16:01:55 IST">
          <reporter-output>
          </reporter-output>
        </test-method> <!-- tearDown -->
      </class> <!-- com.Pratian.Petzey.Automation.TestClasses.TestSignIn -->
    </test> <!-- Default test -->
  </suite> <!-- Default suite -->
</testng-results>
